<?xml version="1.0" encoding="UTF-8" ?>
<testsuite tests="5" failures="0" name="mvm.daw.uf3.db.music.MusicDAOTest" time="0.387" errors="0" skipped="0">
  <properties>
[...]
</properties>
  <testcase classname="mvm.daw.uf3.db.music.MusicDAOTest" name="testFilterSongs" time="0.348"/>
  <testcase classname="mvm.daw.uf3.db.music.MusicDAOTest" name="testFindAllSongs" time="0.007"/>
  <testcase classname="mvm.daw.uf3.db.music.MusicDAOTest" name="findSongByName" time="0.011"/>
  <testcase classname="mvm.daw.uf3.db.music.MusicDAOTest" name="findSongById" time="0.007"/>
  <testcase classname="mvm.daw.uf3.db.music.MusicDAOTest" name="deleteSong" time="0.014"/>
</testsuite>